verification result:
spin -a  lock-free-log-based-set.pml
gcc -DMEMLIM=1024 -O2 -DXUSAFE -DSAFETY -DNOCLAIM -DCOLLAPSE -w -o pan pan.c
./pan -m10000 
Pid: 29763

(Spin Version 6.3.2 -- 17 May 2014)
	+ Partial Order Reduction
	+ Compression

Full statespace search for:
	never claim         	- (not selected)
	assertion violations	+
	cycle checks       	- (disabled by -DSAFETY)
	invalid end states	+

State-vector 228 byte, depth reached 1319, errors: 0
   311725 states, stored
   188302 states, matched
   500027 transitions (= stored+matched)
   361066 atomic steps
hash conflicts:      1896 (resolved)

Stats on memory usage (in Megabytes):
   76.105	equivalent memory usage for states (stored*(State-vector + overhead))
   12.337	actual memory usage for states (compression: 16.21%)
         	state-vector as stored = 14 byte + 28 byte overhead
  128.000	memory used for hash table (-w24)
    0.534	memory used for DFS stack (-m10000)
  140.839	total actual memory usage


nr of templates: [ 0:globals 1:chans 2:procs ]
collapse counts: [ 0:352 2:2 3:2620 4:14 ]
unreached in init
	(0 of 21 states)
unreached in proctype thread
	(0 of 223 states)
unreached in proctype environment
	(0 of 45 states)

pan: elapsed time 1.02 seconds
No errors found -- did you verify all claims?


